\BOOKMARK [0][-]{chapter.1}{\376\377\000I\000n\000t\000r\000o\000d\000u\000c\000t\000i\000o\000n}{}% 1
\BOOKMARK [0][-]{chapter.2}{\376\377\000C\000o\000n\000t\000a\000c\000t}{}% 2
\BOOKMARK [0][-]{chapter.3}{\376\377\000S\000i\000t\000e\000m\000a\000p}{}% 3
\BOOKMARK [0][-]{chapter.4}{\376\377\000M\000a\000i\000n\000\040\000u\000s\000e\000r\000\040\000i\000n\000t\000e\000r\000f\000a\000c\000e}{}% 4
\BOOKMARK [1][-]{section.4.1}{\376\377\000A\000n\000i\000m\000a\000l\000s}{chapter.4}% 5
\BOOKMARK [1][-]{section.4.2}{\376\377\000O\000r\000g\000a\000n\000s}{chapter.4}% 6
\BOOKMARK [1][-]{section.4.3}{\376\377\000R\000S\000S\000\040\000F\000e\000e\000d}{chapter.4}% 7
\BOOKMARK [0][-]{chapter.5}{\376\377\000M\000a\000i\000n\000\040\000a\000n\000i\000m\000a\000l\000\040\000m\000a\000n\000a\000g\000e\000r\000\040\000t\000a\000s\000k\000s}{}% 8
\BOOKMARK [1][-]{section.5.1}{\376\377\000A\000d\000d\000\040\000A\000n\000i\000m\000a\000l\000s\000\040\000m\000a\000n\000u\000a\000l\000l\000y}{chapter.5}% 9
\BOOKMARK [1][-]{section.5.2}{\376\377\000A\000n\000i\000m\000a\000l\000s\000\040\000i\000m\000p\000o\000r\000t}{chapter.5}% 10
\BOOKMARK [2][-]{subsection.5.2.1}{\376\377\000F\000r\000o\000m\000\040\000P\000y\000R\000A\000T}{section.5.2}% 11
\BOOKMARK [2][-]{subsection.5.2.2}{\376\377\000F\000r\000o\000m\000\040\000t\000i\000c\000k\000@\000l\000a\000b}{section.5.2}% 12
\BOOKMARK [1][-]{section.5.3}{\376\377\000A\000d\000d\000\040\000O\000r\000g\000a\000n\000s\000\040\000m\000a\000n\000u\000a\000l\000l\000y}{chapter.5}% 13
\BOOKMARK [1][-]{section.5.4}{\376\377\000O\000r\000g\000a\000n\000s\000\040\000i\000m\000p\000o\000r\000t}{chapter.5}% 14
\BOOKMARK [2][-]{subsection.5.4.1}{\376\377\000F\000r\000o\000m\000\040\000P\000y\000R\000A\000T}{section.5.4}% 15
\BOOKMARK [2][-]{subsection.5.4.2}{\376\377\000F\000r\000o\000m\000\040\000t\000i\000c\000k\000@\000l\000a\000b}{section.5.4}% 16
\BOOKMARK [1][-]{section.5.5}{\376\377\000D\000u\000p\000l\000i\000c\000a\000t\000i\000n\000g\000\040\000e\000n\000t\000r\000i\000e\000s}{chapter.5}% 17
\BOOKMARK [0][-]{chapter.6}{\376\377\000M\000a\000i\000n\000\040\000a\000d\000m\000i\000n\000i\000s\000t\000r\000a\000t\000o\000r\000\040\000t\000a\000s\000k\000s}{}% 18
\BOOKMARK [1][-]{section.6.1}{\376\377\000O\000r\000g\000a\000n\000s\000\040\000u\000s\000e\000d}{chapter.6}% 19
\BOOKMARK [1][-]{section.6.2}{\376\377\000A\000n\000i\000m\000a\000l\000s}{chapter.6}% 20
\BOOKMARK [1][-]{section.6.3}{\376\377\000L\000a\000b\000s}{chapter.6}% 21
\BOOKMARK [1][-]{section.6.4}{\376\377\000L\000o\000c\000a\000t\000i\000o\000n\000s}{chapter.6}% 22
\BOOKMARK [1][-]{section.6.5}{\376\377\000P\000e\000r\000s\000o\000n\000s}{chapter.6}% 23
\BOOKMARK [1][-]{section.6.6}{\376\377\000M\000a\000k\000e\000\040\000a\000\040\000u\000s\000e\000r\000\040\000a\000n\000\040\000a\000n\000i\000m\000a\000l\000\040\000m\000a\000n\000a\000g\000e\000r}{chapter.6}% 24
\BOOKMARK [1][-]{section.6.7}{\376\377\000A\000n\000i\000s\000h\000a\000r\000e\000\040\000c\000h\000a\000n\000g\000e\000\040\000h\000i\000s\000t\000o\000r\000y}{chapter.6}% 25
